#
# A fatal error has been detected by the Java Runtime Environment:
#
#  EXCEPTION_ACCESS_VIOLATION (0xc0000005) at pc=0x0000000059bac220, pid=6716, tid=0x00000000000023cc
#
# JRE version: Java(TM) SE Runtime Environment (8.0_111-b14) (build 1.8.0_111-b14)
# Java VM: Java HotSpot(TM) 64-Bit Server VM (25.111-b14 mixed mode windows-amd64 compressed oops)
# Problematic frame:
# C  [msvcr100.dll+0x3c220]
#
# Failed to write core dump. Minidumps are not enabled by default on client versions of Windows
#
# If you would like to submit a bug report, please visit:
#   http://bugreport.java.com/bugreport/crash.jsp
#

---------------  T H R E A D  ---------------

Current thread (0x00000000218e3000):  JavaThread "System clipboard synchronizer" daemon [_thread_in_vm, id=9164, stack(0x000000001aab0000,0x000000001acb0000)]

siginfo: ExceptionCode=0xc0000005, reading address 0x0000000020cf2038

Registers:
RAX=0x0000000000000040, RBX=0x00000000218e3000, RCX=0x00000000fc77b760, RDX=0xffffffff245768e0
RSP=0x000000001acae928, RBP=0x0000000020057000, RSI=0x0000000000000000, RDI=0x0000000000200000
R8 =0x0000000000109000, R9 =0xdfd6d9dfd6d9dfd6, R10=0xd9dfd6d9dfd6d9df, R11=0x00000000fc672760
R12=0x0000000000000008, R13=0x0000000000000000, R14=0x0000000000200000, R15=0x00000000218e3000
RIP=0x0000000059bac220, EFLAGS=0x0000000000010206

Top of Stack: (sp=0x000000001acae928)
0x000000001acae928:   000000005942c041 0000000020be9000
0x000000001acae938:   0000000059410e0d 0000000000200000
0x000000001acae948:   00007ffadf6a5a90 000000001acaea68
0x000000001acae958:   0000000020be9000 00000000218e3000
0x000000001acae968:   0000000000000000 0000000000200000
0x000000001acae978:   000000002b0bf468 0000000020057000
0x000000001acae988:   000000005911a613 00000000218e31f8
0x000000001acae998:   000000001acaea68 0000000020be9040
0x000000001acae9a8:   0000000020be9040 0000000020be9040
0x000000001acae9b8:   000000002e8fcd20 0000000000000178
0x000000001acae9c8:   fffffffffffffffe 000000001acaea98
0x000000001acae9d8:   0000000022b22a68 0000000000000000
0x000000001acae9e8:   00000000031b7f74 0000000022b22a70
0x000000001acae9f8:   000000002b0bf468 00000000e6800d58
0x000000001acaea08:   0000000020be9040 0000000100000000
0x000000001acaea18:   00000000e878cf98 0000000000000002 

Instructions: (pc=0x0000000059bac220)
0x0000000059bac200:   48 81 e9 80 00 00 00 0f 18 04 0a 0f 18 44 0a 40
0x0000000059bac210:   ff c8 75 ec 48 81 c1 00 10 00 00 b8 40 00 00 00
0x0000000059bac220:   4c 8b 4c 0a f8 4c 8b 54 0a f0 4c 0f c3 49 f8 4c
0x0000000059bac230:   0f c3 51 f0 4c 8b 4c 0a e8 4c 8b 54 0a e0 4c 0f 


Register to memory mapping:

RAX=0x0000000000000040 is an unknown value
RBX=0x00000000218e3000 is a thread
RCX=0x00000000fc77b760 is an oop

[error occurred during error reporting (printing register info), id 0xc0000005]

Stack: [0x000000001aab0000,0x000000001acb0000],  sp=0x000000001acae928,  free space=2042k
Native frames: (J=compiled Java code, j=interpreted, Vv=VM code, C=native code)
C  [msvcr100.dll+0x3c220]
V  [jvm.dll+0x15c041]
C  [awt.dll+0x8a613]
C  0x00000000031b7f74

Java frames: (J=compiled Java code, j=interpreted, Vv=VM code)
j  sun.awt.windows.WClipboard.getClipboardData(J)[B+0
J 11208 C1 sun.awt.datatransfer.ClipboardTransferable.fetchOneFlavor(Lsun/awt/datatransfer/SunClipboard;Ljava/awt/datatransfer/DataFlavor;Ljava/lang/Long;Ljava/util/HashMap;)Z (133 bytes) @ 0x0000000004f091e4 [0x0000000004f08e00+0x3e4]
j  sun.awt.datatransfer.ClipboardTransferable.<init>(Lsun/awt/datatransfer/SunClipboard;)V+122
j  sun.awt.datatransfer.SunClipboard.getContents(Ljava/lang/Object;)Ljava/awt/datatransfer/Transferable;+17
j  org.netbeans.NbClipboard$GetContents.run()V+16
J 5394 C1 org.openide.util.RequestProcessor$Task.run()V (186 bytes) @ 0x000000000352f39c [0x000000000352ee20+0x57c]
J 5561 C1 org.netbeans.modules.openide.util.GlobalLookup.execute(Lorg/openide/util/Lookup;Ljava/lang/Runnable;)Z (60 bytes) @ 0x00000000040118ec [0x0000000004011200+0x6ec]
J 5560 C1 org.openide.util.lookup.Lookups.executeWith(Lorg/openide/util/Lookup;Ljava/lang/Runnable;)V (15 bytes) @ 0x0000000004012ee4 [0x0000000004012e80+0x64]
j  org.openide.util.RequestProcessor$Processor.run()V+259
v  ~StubRoutines::call_stub

---------------  P R O C E S S  ---------------

Java Threads: ( => current thread )
  0x00000000218e0000 JavaThread "Image Fetcher 0" daemon [_thread_blocked, id=12244, stack(0x000000001bd80000,0x000000001bf80000)]
=>0x00000000218e3000 JavaThread "System clipboard synchronizer" daemon [_thread_in_vm, id=9164, stack(0x000000001aab0000,0x000000001acb0000)]
  0x00000000218df000 JavaThread "Inactive RequestProcessor thread [Was:OpenIDE-request-processor-1/org.netbeans.core.startup.preferences.NbPreferences$1]" daemon [_thread_blocked, id=8128, stack(0x0000000001310000,0x0000000001510000)]
  0x000000001e6d0800 JavaThread "Explorer Actions" daemon [_thread_blocked, id=4812, stack(0x000000002ae10000,0x000000002b010000)]
  0x000000001d157000 JavaThread "DestroyJavaVM" [_thread_blocked, id=6552, stack(0x0000000002fa0000,0x00000000031a0000)]
  0x000000001d156800 JavaThread "TimerQueue" daemon [_thread_blocked, id=8160, stack(0x0000000023fd0000,0x00000000241d0000)]
  0x000000001d15d000 JavaThread "Worker-JM" [_thread_blocked, id=10256, stack(0x0000000023bd0000,0x0000000023dd0000)]
  0x000000001d15a000 JavaThread "Framework Event Dispatcher" daemon [_thread_blocked, id=7084, stack(0x00000000239d0000,0x0000000023bd0000)]
  0x000000001d15c800 JavaThread "Deadlock Detector" [_thread_blocked, id=4424, stack(0x00000000237d0000,0x00000000239d0000)]
  0x000000001d15b800 JavaThread "Thread-3" daemon [_thread_blocked, id=10892, stack(0x0000000022db0000,0x0000000022fb0000)]
  0x000000001fd09800 JavaThread "W32 File Monitor" daemon [_thread_in_native, id=8308, stack(0x00000000233d0000,0x00000000235d0000)]
  0x000000001fd0b800 JavaThread "File Watcher" daemon [_thread_blocked, id=8640, stack(0x0000000022bb0000,0x0000000022db0000)]
  0x000000001fd0b000 JavaThread "State Data Manager" daemon [_thread_blocked, id=2224, stack(0x00000000209e0000,0x0000000020be0000)]
  0x000000001fd0d000 JavaThread "Framework Active Thread" [_thread_blocked, id=10368, stack(0x00000000207e0000,0x00000000209e0000)]
  0x0000000016c5f800 JavaThread "AWT-EventQueue-0" [_thread_blocked, id=3592, stack(0x000000001c360000,0x000000001c560000)]
  0x0000000016bbe800 JavaThread "AWT-Windows" daemon [_thread_in_native, id=8756, stack(0x000000001b970000,0x000000001bb70000)]
  0x0000000016bbc000 JavaThread "AWT-Shutdown" [_thread_blocked, id=6432, stack(0x000000001b770000,0x000000001b970000)]
  0x0000000016bb8800 JavaThread "Java2D Disposer" daemon [_thread_blocked, id=10008, stack(0x000000001b570000,0x000000001b770000)]
  0x0000000016b93800 JavaThread "RequestProcessor queue manager" daemon [_thread_blocked, id=3136, stack(0x000000001aff0000,0x000000001b1f0000)]
  0x0000000016b19000 JavaThread "Editor Parsing Loop (201609300101)" daemon [_thread_blocked, id=4780, stack(0x000000001a8b0000,0x000000001aab0000)]
  0x00000000169d7000 JavaThread "CLI Requests Server" daemon [_thread_in_native, id=6472, stack(0x000000001a570000,0x000000001a770000)]
  0x0000000016796000 JavaThread "Active Reference Queue Daemon" daemon [_thread_blocked, id=11016, stack(0x0000000016e60000,0x0000000017060000)]
  0x0000000015f83000 JavaThread "Service Thread" daemon [_thread_blocked, id=6988, stack(0x0000000016360000,0x0000000016560000)]
  0x000000001420b800 JavaThread "C1 CompilerThread2" daemon [_thread_blocked, id=11504, stack(0x0000000015e60000,0x0000000015f60000)]
  0x0000000014203000 JavaThread "C2 CompilerThread1" daemon [_thread_blocked, id=12104, stack(0x0000000015d60000,0x0000000015e60000)]
  0x0000000014201000 JavaThread "C2 CompilerThread0" daemon [_thread_blocked, id=3744, stack(0x0000000015c60000,0x0000000015d60000)]
  0x00000000141ff800 JavaThread "Attach Listener" daemon [_thread_blocked, id=8620, stack(0x0000000015a60000,0x0000000015c60000)]
  0x00000000141fe800 JavaThread "Signal Dispatcher" daemon [_thread_blocked, id=10180, stack(0x0000000015860000,0x0000000015a60000)]
  0x00000000141f0000 JavaThread "Finalizer" daemon [_thread_blocked, id=6120, stack(0x0000000015560000,0x0000000015760000)]
  0x0000000002f15000 JavaThread "Reference Handler" daemon [_thread_blocked, id=5432, stack(0x0000000015360000,0x0000000015560000)]

Other Threads:
  0x00000000141c9000 VMThread [stack: 0x0000000015260000,0x0000000015360000] [id=3556]
  0x0000000015fb5000 WatcherThread [stack: 0x0000000016560000,0x0000000016660000] [id=9236]

VM state:not at safepoint (normal execution)

VM Mutex/Monitor currently owned by a thread: None

Heap:
 PSYoungGen      total 109568K, used 108333K [0x00000000f7780000, 0x0000000100000000, 0x0000000100000000)
  eden space 83968K, 98% used [0x00000000f7780000,0x00000000fc872760,0x00000000fc980000)
  from space 25600K, 99% used [0x00000000fc980000,0x00000000fe258d18,0x00000000fe280000)
  to   space 30208K, 0% used [0x00000000fe280000,0x00000000fe280000,0x0000000100000000)
 ParOldGen       total 120320K, used 78768K [0x00000000e6600000, 0x00000000edb80000, 0x00000000f7780000)
  object space 120320K, 65% used [0x00000000e6600000,0x00000000eb2ec108,0x00000000edb80000)
 Metaspace       used 93665K, capacity 105922K, committed 106132K, reserved 1140736K
  class space    used 12007K, capacity 15642K, committed 15764K, reserved 1048576K

Card table byte_map: [0x0000000012560000,0x0000000012630000] byte_map_base: 0x0000000011e2d000

Marking Bits: (ParMarkBitMap*) 0x0000000059aea6c0
 Begin Bits: [0x0000000012ac0000, 0x0000000013128000)
 End Bits:   [0x0000000013128000, 0x0000000013790000)

Polling page: 0x0000000002d60000

CodeCache: size=245760Kb used=39473Kb max_used=39504Kb free=206286Kb
 bounds [0x00000000031a0000, 0x0000000005890000, 0x00000000121a0000]
 total_blobs=11902 nmethods=11106 adapters=704
 compilation: enabled

Compilation events (10 events):
Event: 440.998 Thread 0x0000000014203000 14672       4       javax.swing.JComponent::isOpaque (6 bytes)
Event: 440.999 Thread 0x0000000014203000 nmethod 14672 0x00000000039e3350 code [0x00000000039e3480, 0x00000000039e34f8]
Event: 440.999 Thread 0x0000000014201000 14673       4       java.awt.Rectangle::<init> (9 bytes)
Event: 441.000 Thread 0x0000000014201000 nmethod 14673 0x0000000003cafad0 code [0x0000000003cafc00, 0x0000000003cafc78]
Event: 441.031 Thread 0x000000001420b800 14674       3       sun.awt.datatransfer.DataTransferer::isFlavorNoncharsetTextType (53 bytes)
Event: 441.031 Thread 0x000000001420b800 nmethod 14674 0x0000000003ca2690 code [0x0000000003ca2860, 0x0000000003ca3098]
Event: 441.033 Thread 0x000000001420b800 14675   !   3       org.openide.nodes.NodeTransfer::node (151 bytes)
Event: 441.033 Thread 0x0000000014203000 14676       4       org.openide.util.SharedClassObject$DataEntry::ensureValid (42 bytes)
Event: 441.033 Thread 0x0000000014203000 nmethod 14676 0x000000000434c690 code [0x000000000434c7c0, 0x000000000434c838]
Event: 441.034 Thread 0x000000001420b800 nmethod 14675 0x000000000401e850 code [0x000000000401eb20, 0x000000000401fe58]

GC Heap History (10 events):
Event: 22.872 GC heap before
{Heap before GC invocations=39 (full 4):
 PSYoungGen      total 109056K, used 89475K [0x00000000f7780000, 0x00000000fff00000, 0x0000000100000000)
  eden space 80384K, 100% used [0x00000000f7780000,0x00000000fc600000,0x00000000fc600000)
  from space 28672K, 31% used [0x00000000fe300000,0x00000000febe0d00,0x00000000fff00000)
  to   space 29184K, 0% used [0x00000000fc600000,0x00000000fc600000,0x00000000fe280000)
 ParOldGen       total 120320K, used 78728K [0x00000000e6600000, 0x00000000edb80000, 0x00000000f7780000)
  object space 120320K, 65% used [0x00000000e6600000,0x00000000eb2e2108,0x00000000edb80000)
 Metaspace       used 88482K, capacity 100818K, committed 101012K, reserved 1134592K
  class space    used 11365K, capacity 14916K, committed 14996K, reserved 1048576K
Event: 22.888 GC heap after
Heap after GC invocations=39 (full 4):
 PSYoungGen      total 109568K, used 13121K [0x00000000f7780000, 0x00000000ffd80000, 0x0000000100000000)
  eden space 80384K, 0% used [0x00000000f7780000,0x00000000f7780000,0x00000000fc600000)
  from space 29184K, 44% used [0x00000000fc600000,0x00000000fd2d0780,0x00000000fe280000)
  to   space 27648K, 0% used [0x00000000fe280000,0x00000000fe280000,0x00000000ffd80000)
 ParOldGen       total 120320K, used 78736K [0x00000000e6600000, 0x00000000edb80000, 0x00000000f7780000)
  object space 120320K, 65% used [0x00000000e6600000,0x00000000eb2e4108,0x00000000edb80000)
 Metaspace       used 88482K, capacity 100818K, committed 101012K, reserved 1134592K
  class space    used 11365K, capacity 14916K, committed 14996K, reserved 1048576K
}
Event: 23.495 GC heap before
{Heap before GC invocations=40 (full 4):
 PSYoungGen      total 109568K, used 93505K [0x00000000f7780000, 0x00000000ffd80000, 0x0000000100000000)
  eden space 80384K, 100% used [0x00000000f7780000,0x00000000fc600000,0x00000000fc600000)
  from space 29184K, 44% used [0x00000000fc600000,0x00000000fd2d0780,0x00000000fe280000)
  to   space 27648K, 0% used [0x00000000fe280000,0x00000000fe280000,0x00000000ffd80000)
 ParOldGen       total 120320K, used 78736K [0x00000000e6600000, 0x00000000edb80000, 0x00000000f7780000)
  object space 120320K, 65% used [0x00000000e6600000,0x00000000eb2e4108,0x00000000edb80000)
 Metaspace       used 88725K, capacity 101194K, committed 101396K, reserved 1136640K
  class space    used 11400K, capacity 15024K, committed 15124K, reserved 1048576K
Event: 23.518 GC heap after
Heap after GC invocations=40 (full 4):
 PSYoungGen      total 109568K, used 12531K [0x00000000f7780000, 0x00000000ffc80000, 0x0000000100000000)
  eden space 82944K, 0% used [0x00000000f7780000,0x00000000f7780000,0x00000000fc880000)
  from space 26624K, 47% used [0x00000000fe280000,0x00000000feebce00,0x00000000ffc80000)
  to   space 26624K, 0% used [0x00000000fc880000,0x00000000fc880000,0x00000000fe280000)
 ParOldGen       total 120320K, used 78744K [0x00000000e6600000, 0x00000000edb80000, 0x00000000f7780000)
  object space 120320K, 65% used [0x00000000e6600000,0x00000000eb2e6108,0x00000000edb80000)
 Metaspace       used 88725K, capacity 101194K, committed 101396K, reserved 1136640K
  class space    used 11400K, capacity 15024K, committed 15124K, reserved 1048576K
}
Event: 166.553 GC heap before
{Heap before GC invocations=41 (full 4):
 PSYoungGen      total 109568K, used 95475K [0x00000000f7780000, 0x00000000ffc80000, 0x0000000100000000)
  eden space 82944K, 100% used [0x00000000f7780000,0x00000000fc880000,0x00000000fc880000)
  from space 26624K, 47% used [0x00000000fe280000,0x00000000feebce00,0x00000000ffc80000)
  to   space 26624K, 0% used [0x00000000fc880000,0x00000000fc880000,0x00000000fe280000)
 ParOldGen       total 120320K, used 78744K [0x00000000e6600000, 0x00000000edb80000, 0x00000000f7780000)
  object space 120320K, 65% used [0x00000000e6600000,0x00000000eb2e6108,0x00000000edb80000)
 Metaspace       used 89094K, capacity 101460K, committed 101652K, reserved 1136640K
  class space    used 11417K, capacity 15030K, committed 15124K, reserved 1048576K
Event: 166.586 GC heap after
Heap after GC invocations=41 (full 4):
 PSYoungGen      total 109568K, used 13768K [0x00000000f7780000, 0x00000000ffd00000, 0x0000000100000000)
  eden space 82944K, 0% used [0x00000000f7780000,0x00000000f7780000,0x00000000fc880000)
  from space 26624K, 51% used [0x00000000fc880000,0x00000000fd5f2298,0x00000000fe280000)
  to   space 25088K, 0% used [0x00000000fe480000,0x00000000fe480000,0x00000000ffd00000)
 ParOldGen       total 120320K, used 78752K [0x00000000e6600000, 0x00000000edb80000, 0x00000000f7780000)
  object space 120320K, 65% used [0x00000000e6600000,0x00000000eb2e8108,0x00000000edb80000)
 Metaspace       used 89094K, capacity 101460K, committed 101652K, reserved 1136640K
  class space    used 11417K, capacity 15030K, committed 15124K, reserved 1048576K
}
Event: 398.669 GC heap before
{Heap before GC invocations=42 (full 4):
 PSYoungGen      total 109568K, used 95531K [0x00000000f7780000, 0x00000000ffd00000, 0x0000000100000000)
  eden space 82944K, 98% used [0x00000000f7780000,0x00000000fc758d10,0x00000000fc880000)
  from space 26624K, 51% used [0x00000000fc880000,0x00000000fd5f2298,0x00000000fe280000)
  to   space 25088K, 0% used [0x00000000fe480000,0x00000000fe480000,0x00000000ffd00000)
 ParOldGen       total 120320K, used 78752K [0x00000000e6600000, 0x00000000edb80000, 0x00000000f7780000)
  object space 120320K, 65% used [0x00000000e6600000,0x00000000eb2e8108,0x00000000edb80000)
 Metaspace       used 89170K, capacity 101472K, committed 101652K, reserved 1136640K
  class space    used 11419K, capacity 15032K, committed 15124K, reserved 1048576K
Event: 398.685 GC heap after
Heap after GC invocations=42 (full 4):
 PSYoungGen      total 109056K, used 23440K [0x00000000f7780000, 0x0000000100000000, 0x0000000100000000)
  eden space 83968K, 0% used [0x00000000f7780000,0x00000000f7780000,0x00000000fc980000)
  from space 25088K, 93% used [0x00000000fe480000,0x00000000ffb642e8,0x00000000ffd00000)
  to   space 27648K, 0% used [0x00000000fc980000,0x00000000fc980000,0x00000000fe480000)
 ParOldGen       total 120320K, used 78760K [0x00000000e6600000, 0x00000000edb80000, 0x00000000f7780000)
  object space 120320K, 65% used [0x00000000e6600000,0x00000000eb2ea108,0x00000000edb80000)
 Metaspace       used 89170K, capacity 101472K, committed 101652K, reserved 1136640K
  class space    used 11419K, capacity 15032K, committed 15124K, reserved 1048576K
}
Event: 439.363 GC heap before
{Heap before GC invocations=43 (full 4):
 PSYoungGen      total 109056K, used 107408K [0x00000000f7780000, 0x0000000100000000, 0x0000000100000000)
  eden space 83968K, 100% used [0x00000000f7780000,0x00000000fc980000,0x00000000fc980000)
  from space 25088K, 93% used [0x00000000fe480000,0x00000000ffb642e8,0x00000000ffd00000)
  to   space 27648K, 0% used [0x00000000fc980000,0x00000000fc980000,0x00000000fe480000)
 ParOldGen       total 120320K, used 78760K [0x00000000e6600000, 0x00000000edb80000, 0x00000000f7780000)
  object space 120320K, 65% used [0x00000000e6600000,0x00000000eb2ea108,0x00000000edb80000)
 Metaspace       used 91085K, capacity 103392K, committed 103572K, reserved 1138688K
  class space    used 11630K, capacity 15224K, committed 15252K, reserved 1048576K
Event: 439.387 GC heap after
Heap after GC invocations=43 (full 4):
 PSYoungGen      total 109568K, used 25443K [0x00000000f7780000, 0x0000000100000000, 0x0000000100000000)
  eden space 83968K, 0% used [0x00000000f7780000,0x00000000f7780000,0x00000000fc980000)
  from space 25600K, 99% used [0x00000000fc980000,0x00000000fe258d18,0x00000000fe280000)
  to   space 30208K, 0% used [0x00000000fe280000,0x00000000fe280000,0x0000000100000000)
 ParOldGen       total 120320K, used 78768K [0x00000000e6600000, 0x00000000edb80000, 0x00000000f7780000)
  object space 120320K, 65% used [0x00000000e6600000,0x00000000eb2ec108,0x00000000edb80000)
 Metaspace       used 91085K, capacity 103392K, committed 103572K, reserved 1138688K
  class space    used 11630K, capacity 15224K, committed 15252K, reserved 1048576K
}

Deoptimization events (10 events):
Event: 399.289 Thread 0x00000000218e3000 Uncommon trap: reason=null_check action=make_not_entrant pc=0x000000000450f834 method=org.openide.filesystems.AbstractFolder.refreshFolder(Ljava/lang/String;Ljava/lang/String;ZZ[Ljava/lang/String;)V @ 239
Event: 399.290 Thread 0x00000000218e3000 Uncommon trap: reason=null_check action=make_not_entrant pc=0x000000000450f834 method=org.openide.filesystems.AbstractFolder.refreshFolder(Ljava/lang/String;Ljava/lang/String;ZZ[Ljava/lang/String;)V @ 239
Event: 417.535 Thread 0x000000001fd09800 Uncommon trap: reason=null_check action=make_not_entrant pc=0x0000000003edb518 method=com.sun.jna.Native.getNativeSize(Ljava/lang/Class;Ljava/lang/Object;)I @ 64
Event: 439.182 Thread 0x000000001e6d1000 Uncommon trap: reason=unstable_if action=reinterpret pc=0x00000000036fa3fc method=java.text.MessageFormat.applyPattern(Ljava/lang/String;)V @ 345
Event: 439.234 Thread 0x00000000218e3000 Uncommon trap: reason=unstable_if action=reinterpret pc=0x00000000038f4d64 method=java.util.HashMap.putVal(ILjava/lang/Object;Ljava/lang/Object;ZZ)Ljava/lang/Object; @ 236
Event: 439.268 Thread 0x00000000218e3000 Uncommon trap: reason=unstable_if action=reinterpret pc=0x0000000004363474 method=java.security.CodeSource.getCertificates()[Ljava/security/cert/Certificate; @ 22
Event: 439.268 Thread 0x00000000218e3000 Uncommon trap: reason=unstable_if action=reinterpret pc=0x00000000037fcd5c method=java.security.CodeSource.getCertificates()[Ljava/security/cert/Certificate; @ 4
Event: 439.387 Thread 0x00000000141f0000 Uncommon trap: reason=null_check action=make_not_entrant pc=0x0000000004b2d424 method=org.openide.util.lookup.ProxyLookup.setData(Lorg/openide/util/lookup/ProxyLookup$ImmutableInternalData;[Lorg/openide/util/Lookup;Ljava/util/Map;Ljava/util/Map;)Ljava/uti
Event: 439.391 Thread 0x0000000016796000 Uncommon trap: reason=unstable_if action=reinterpret pc=0x00000000050877e8 method=org.openide.util.lookup.InheritanceTree.collectListeners(Ljava/util/Set;Ljava/lang/Class;)V @ 76
Event: 439.531 Thread 0x00000000218e3000 Uncommon trap: reason=null_check action=make_not_entrant pc=0x000000000422a290 method=java.lang.Class.reflectionData()Ljava/lang/Class$ReflectionData; @ 24

Internal exceptions (10 events):
Event: 399.290 Thread 0x00000000218e3000 Implicit null exception at 0x000000000450bb76 to 0x000000000450f801
Event: 439.181 Thread 0x000000001d158000 Exception <a 'java/lang/InterruptedException'> (0x00000000fc2a3270) thrown at [C:\re\workspace\8-2-build-windows-amd64-cygwin\jdk8u111\7883\hotspot\src\share\vm\runtime\objectMonitor.cpp, line 1684]
Event: 439.219 Thread 0x00000000218e3000 Exception <a 'java/lang/NoClassDefFoundError': javax/media/jai/PlanarImage> (0x00000000fc47b9a0) thrown at [C:\re\workspace\8-2-build-windows-amd64-cygwin\jdk8u111\7883\hotspot\src\share\vm\classfile\systemDictionary.cpp, line 199]
Event: 439.387 Thread 0x00000000141f0000 Implicit null exception at 0x0000000004b2c96a to 0x0000000004b2d3f9
Event: 439.466 Thread 0x00000000218e3000 Exception <a 'java/lang/NoClassDefFoundError': jdepend/xmlui/JDepend> (0x00000000f7befb38) thrown at [C:\re\workspace\8-2-build-windows-amd64-cygwin\jdk8u111\7883\hotspot\src\share\vm\classfile\systemDictionary.cpp, line 199]
Event: 439.528 Thread 0x00000000218e3000 Exception <a 'java/lang/NoClassDefFoundError': javax/media/jai/PlanarImage> (0x00000000f7f82640) thrown at [C:\re\workspace\8-2-build-windows-amd64-cygwin\jdk8u111\7883\hotspot\src\share\vm\classfile\systemDictionary.cpp, line 199]
Event: 439.529 Thread 0x00000000218e3000 Exception <a 'java/lang/NoClassDefFoundError': jdepend/xmlui/JDepend> (0x00000000f7f89760) thrown at [C:\re\workspace\8-2-build-windows-amd64-cygwin\jdk8u111\7883\hotspot\src\share\vm\classfile\systemDictionary.cpp, line 199]
Event: 439.531 Thread 0x00000000218e3000 Implicit null exception at 0x0000000004229df2 to 0x000000000422a27d
Event: 439.558 Thread 0x00000000218e3000 Exception <a 'java/lang/NoClassDefFoundError': javax/media/jai/PlanarImage> (0x00000000f817fb38) thrown at [C:\re\workspace\8-2-build-windows-amd64-cygwin\jdk8u111\7883\hotspot\src\share\vm\classfile\systemDictionary.cpp, line 199]
Event: 439.642 Thread 0x00000000218e3000 Exception <a 'java/lang/NoClassDefFoundError': jdepend/xmlui/JDepend> (0x00000000f8928aa0) thrown at [C:\re\workspace\8-2-build-windows-amd64-cygwin\jdk8u111\7883\hotspot\src\share\vm\classfile\systemDictionary.cpp, line 199]

Events (10 events):
Event: 439.698 Executing VM operation: RevokeBias
Event: 439.699 Executing VM operation: RevokeBias done
Event: 439.699 loading class org/openide/filesystems/FileUtil
Event: 439.699 loading class org/openide/filesystems/FileUtil done
Event: 439.700 Executing VM operation: RevokeBias
Event: 439.700 Executing VM operation: RevokeBias done
Event: 440.768 Executing VM operation: FindDeadlocks
Event: 440.768 Executing VM operation: FindDeadlocks done
Event: 441.041 loading class sun/awt/datatransfer/SunClipboard$1SunFlavorChangeNotifier
Event: 441.041 loading class sun/awt/datatransfer/SunClipboard$1SunFlavorChangeNotifier done


Dynamic libraries:
0x00007ff642ac0000 - 0x00007ff642af7000 	C:\Program Files\Java\jdk1.8.0_111\jre\bin\javaw.exe
0x00007ffae1630000 - 0x00007ffae1826000 	C:\WINDOWS\SYSTEM32\ntdll.dll
0x00007ffadf690000 - 0x00007ffadf74d000 	C:\WINDOWS\System32\KERNEL32.DLL
0x00007ffadee20000 - 0x00007ffadf0e8000 	C:\WINDOWS\System32\KERNELBASE.dll
0x00007ffae1490000 - 0x00007ffae153c000 	C:\WINDOWS\System32\ADVAPI32.dll
0x00007ffadfd30000 - 0x00007ffadfdce000 	C:\WINDOWS\System32\msvcrt.dll
0x00007ffadfbc0000 - 0x00007ffadfc5b000 	C:\WINDOWS\System32\sechost.dll
0x00007ffae0220000 - 0x00007ffae0344000 	C:\WINDOWS\System32\RPCRT4.dll
0x00007ffae1140000 - 0x00007ffae12e0000 	C:\WINDOWS\System32\USER32.dll
0x00007ffadf300000 - 0x00007ffadf322000 	C:\WINDOWS\System32\win32u.dll
0x00007ffae1110000 - 0x00007ffae113a000 	C:\WINDOWS\System32\GDI32.dll
0x00007ffadf0f0000 - 0x00007ffadf1f9000 	C:\WINDOWS\System32\gdi32full.dll
0x00007ffadf410000 - 0x00007ffadf4ad000 	C:\WINDOWS\System32\msvcp_win.dll
0x00007ffadf200000 - 0x00007ffadf300000 	C:\WINDOWS\System32\ucrtbase.dll
0x00007ffacc730000 - 0x00007ffacc9cb000 	C:\WINDOWS\WinSxS\amd64_microsoft.windows.common-controls_6595b64144ccf1df_6.0.19041.488_none_ca04af081b815d21\COMCTL32.dll
0x00007ffae01f0000 - 0x00007ffae0220000 	C:\WINDOWS\System32\IMM32.DLL
0x0000000059b70000 - 0x0000000059c42000 	C:\Program Files\Java\jdk1.8.0_111\jre\bin\msvcr100.dll
0x00000000592d0000 - 0x0000000059b6a000 	C:\Program Files\Java\jdk1.8.0_111\jre\bin\server\jvm.dll
0x00007ffae1100000 - 0x00007ffae1108000 	C:\WINDOWS\System32\PSAPI.DLL
0x00007ffad6a90000 - 0x00007ffad6ab7000 	C:\WINDOWS\SYSTEM32\WINMM.dll
0x00007ffad7e80000 - 0x00007ffad7e8a000 	C:\WINDOWS\SYSTEM32\VERSION.dll
0x00007ffad5010000 - 0x00007ffad5019000 	C:\WINDOWS\SYSTEM32\WSOCK32.dll
0x00007ffae0930000 - 0x00007ffae099b000 	C:\WINDOWS\System32\WS2_32.dll
0x00000000592c0000 - 0x00000000592cf000 	C:\Program Files\Java\jdk1.8.0_111\jre\bin\verify.dll
0x0000000059290000 - 0x00000000592b9000 	C:\Program Files\Java\jdk1.8.0_111\jre\bin\java.dll
0x0000000059270000 - 0x0000000059286000 	C:\Program Files\Java\jdk1.8.0_111\jre\bin\zip.dll
0x00007ffae09b0000 - 0x00007ffae10f1000 	C:\WINDOWS\System32\SHELL32.dll
0x00007ffadcee0000 - 0x00007ffadd675000 	C:\WINDOWS\SYSTEM32\windows.storage.dll
0x00007ffadfdd0000 - 0x00007ffae0125000 	C:\WINDOWS\System32\combase.dll
0x00007ffade710000 - 0x00007ffade73c000 	C:\WINDOWS\SYSTEM32\Wldp.dll
0x00007ffae13e0000 - 0x00007ffae148e000 	C:\WINDOWS\System32\SHCORE.dll
0x00007ffae0190000 - 0x00007ffae01e5000 	C:\WINDOWS\System32\shlwapi.dll
0x00007ffadec30000 - 0x00007ffadec56000 	C:\WINDOWS\SYSTEM32\profapi.dll
0x0000000059250000 - 0x000000005926a000 	C:\Program Files\Java\jdk1.8.0_111\jre\bin\net.dll
0x00007ffade490000 - 0x00007ffade4fa000 	C:\WINDOWS\system32\mswsock.dll
0x0000000059230000 - 0x0000000059241000 	C:\Program Files\Java\jdk1.8.0_111\jre\bin\nio.dll
0x00007ffade180000 - 0x00007ffade1bb000 	C:\WINDOWS\SYSTEM32\IPHLPAPI.DLL
0x00007ffae09a0000 - 0x00007ffae09a8000 	C:\WINDOWS\System32\NSI.dll
0x00007ffad79f0000 - 0x00007ffad7a07000 	C:\WINDOWS\SYSTEM32\dhcpcsvc6.DLL
0x00007ffad7e90000 - 0x00007ffad7ead000 	C:\WINDOWS\SYSTEM32\dhcpcsvc.DLL
0x00007ffade1c0000 - 0x00007ffade28b000 	C:\WINDOWS\SYSTEM32\DNSAPI.dll
0x0000000059090000 - 0x0000000059228000 	C:\Program Files\Java\jdk1.8.0_111\jre\bin\awt.dll
0x00007ffadfc60000 - 0x00007ffadfd2d000 	C:\WINDOWS\System32\OLEAUT32.dll
0x00007ffadc210000 - 0x00007ffadc2a0000 	C:\WINDOWS\SYSTEM32\apphelp.dll
0x00007ffade660000 - 0x00007ffade678000 	C:\WINDOWS\SYSTEM32\CRYPTSP.dll
0x00007ffadde20000 - 0x00007ffadde54000 	C:\WINDOWS\system32\rsaenh.dll
0x00007ffadf3e0000 - 0x00007ffadf407000 	C:\WINDOWS\System32\bcrypt.dll
0x00007ffadebf0000 - 0x00007ffadec1e000 	C:\WINDOWS\SYSTEM32\USERENV.dll
0x00007ffadf4b0000 - 0x00007ffadf52f000 	C:\WINDOWS\System32\bcryptprimitives.dll
0x00007ffade680000 - 0x00007ffade68c000 	C:\WINDOWS\SYSTEM32\CRYPTBASE.dll
0x00007ffadc900000 - 0x00007ffadc92f000 	C:\WINDOWS\system32\DWMAPI.DLL
0x00007ffadc7d0000 - 0x00007ffadc86e000 	C:\WINDOWS\system32\uxtheme.dll
0x0000000059050000 - 0x0000000059089000 	C:\Program Files\Java\jdk1.8.0_111\jre\bin\splashscreen.dll
0x00007ffae03e0000 - 0x00007ffae04f5000 	C:\WINDOWS\System32\MSCTF.dll
0x00007ffae0500000 - 0x00007ffae062a000 	C:\WINDOWS\System32\ole32.dll
0x00007ffadcce0000 - 0x00007ffadccf2000 	C:\WINDOWS\SYSTEM32\kernel.appcore.dll
0x0000000059000000 - 0x0000000059047000 	C:\Program Files\Java\jdk1.8.0_111\jre\bin\fontmanager.dll
0x00007ffad23a0000 - 0x00007ffad249c000 	C:\WINDOWS\SYSTEM32\textinputframework.dll
0x00007ffadb6c0000 - 0x00007ffadba1e000 	C:\WINDOWS\System32\CoreUIComponents.dll
0x00007ffaddab0000 - 0x00007ffaddae3000 	C:\WINDOWS\SYSTEM32\ntmarta.dll
0x00007ffadbea0000 - 0x00007ffadbf92000 	C:\WINDOWS\System32\CoreMessaging.dll
0x00007ffada660000 - 0x00007ffada7b6000 	C:\WINDOWS\SYSTEM32\wintypes.dll
0x0000000058fb0000 - 0x0000000058ff2000 	C:\Program Files\Java\jdk1.8.0_111\jre\bin\t2k.dll
0x00007ffada310000 - 0x00007ffada327000 	C:\WINDOWS\system32\napinsp.dll
0x00007ffad7b40000 - 0x00007ffad7b5b000 	C:\WINDOWS\system32\pnrpnsp.dll
0x00007ffac8ef0000 - 0x00007ffac8f05000 	C:\WINDOWS\system32\wshbth.dll
0x00007ffadc300000 - 0x00007ffadc31d000 	C:\WINDOWS\system32\NLAapi.dll
0x00007ffacf410000 - 0x00007ffacf422000 	C:\WINDOWS\System32\winrnr.dll
0x00007ffad3bb0000 - 0x00007ffad3bba000 	C:\Windows\System32\rasadhlp.dll
0x00007ffad3d40000 - 0x00007ffad3dbf000 	C:\WINDOWS\System32\fwpuclnt.dll
0x00007ffac7150000 - 0x00007ffac7175000 	C:\Program Files\NetBeans 8.2\platform\modules\lib\amd64\jnidispatch-422.dll
0x0000000058fa0000 - 0x0000000058fad000 	C:\Program Files\Java\jdk1.8.0_111\jre\bin\management.dll
0x00007ffad77a0000 - 0x00007ffad78a0000 	C:\WINDOWS\SYSTEM32\winhttp.dll
0x00007ffac30d0000 - 0x00007ffac3180000 	C:\WINDOWS\WinSxS\amd64_microsoft.windows.common-controls_6595b64144ccf1df_5.82.19041.488_none_4238de57f6b64d28\comctl32.dll
0x00007ffae1540000 - 0x00007ffae15e9000 	C:\WINDOWS\System32\clbcatq.dll
0x00007ffad8eb0000 - 0x00007ffad9064000 	C:\WINDOWS\SYSTEM32\WindowsCodecs.dll
0x00007ffad2bf0000 - 0x00007ffad2c2e000 	C:\WINDOWS\system32\dataexchange.dll
0x00007ffadaca0000 - 0x00007ffadaf04000 	C:\WINDOWS\system32\d3d11.dll
0x00007ffadaf10000 - 0x00007ffadb0f5000 	C:\WINDOWS\system32\dcomp.dll
0x00007ffadd6c0000 - 0x00007ffadd7b3000 	C:\WINDOWS\system32\dxgi.dll
0x00007ffad8bf0000 - 0x00007ffad8df8000 	C:\WINDOWS\system32\twinapi.appcore.dll
0x0000000058f70000 - 0x0000000058f9a000 	C:\Program Files\Java\jdk1.8.0_111\jre\bin\dcpr.dll
0x00007ffad9550000 - 0x00007ffad9734000 	C:\WINDOWS\SYSTEM32\dbghelp.dll

VM Arguments:
jvm_args: -Dnetbeans.importclass=org.netbeans.upgrade.AutoUpgrade -Dnetbeans.accept_license_class=org.netbeans.license.AcceptLicense -Xss2m -Xms32m -Dapple.laf.useScreenMenuBar=true -Dapple.awt.graphics.UseQuartz=true -Dsun.java2d.noddraw=true -Dsun.java2d.dpiaware=true -Dsun.zip.disableMemoryMapping=true -Xmx409m -Djdk.home=C:\Program Files\Java\jdk1.8.0_111 -Djdk.launcher.addexports.0=java.desktop/sun.awt=ALL-UNNAMED -Djdk.launcher.addexports.1=java.base/jdk.internal.jrtfs=ALL-UNNAMED -Djdk.launcher.addexports.2=java.desktop/java.awt.peer=ALL-UNNAMED -Djdk.launcher.addexports.3=java.desktop/com.sun.beans.editors=ALL-UNNAMED -Djdk.launcher.addexports.3=java.desktop/sun.awt.im=ALL-UNNAMED -Djdk.launcher.addexports.4=java.desktop/com.sun.java.swing.plaf.windows=ALL-UNNAMED -Djdk.launcher.addexports.5=java.management/sun.management=ALL-UNNAMED -Dnetbeans.home=C:\Program Files\NetBeans 8.2\platform -Dnetbeans.user=C:\Users\Professor Alfred\AppData\Roaming\NetBeans\8.2 -Dnetbeans.default_userdir_root=C:\Users\Professor Alfred\AppData\Roaming\NetBeans -XX:+HeapDumpOnOutOfMemoryError -XX:HeapDumpPath=C:\Users\Professor Alfred\AppData\Roaming\NetBeans\8.2\var\log\heapdump.hprof -Dsun.awt.keepWorkingSetOnMinimize=true -Dnetbeans.dirs=C:\Program Files\NetBeans 8.2\nb;C:\Program Files\NetBeans 8.2\ergonomics;C:\Program Files\NetBeans 8.2\ide;C:\Program Files\NetBeans 8.2\extide;C:\Program Files\NetBeans 8.2\java;C:\Program Files\NetBeans 8.2\apisupport;C:\Program Files\NetBeans 8.2\webcommon;C:\Program Files\NetBeans 8.2\websvccommon;C:\Program Files\NetBeans 8.2\enterprise;C:\Program Files\NetBeans 8.2\mobility;C:\Program Files\NetBeans 8.2\profiler;C:\Program Files\NetBeans 8.2\python;C:\Program Files\NetBeans 8.2\php;C:\Program Files\NetBeans 8.2\identity;C:\Program Files\NetBeans 8.2\harness;C:\Program Files\NetBeans 8.2\cnd;C:\Program Files\NetBeans 8.2\cndext;C:\Program Files\NetBeans 8.2\dlight;C:\Program Files\NetBeans 8.2\groovy;C:\Program Files\NetBeans 8.2\extra;C:\Program Files\NetBeans 8.2\javacard;C:\Program Files\NetBeans 8.2\javafx 
java_command: org/netbeans/Main --branding nb --cachedir C:\Users\Professor Alfred\AppData\Local\NetBeans\Cache/8.2 C:\Users\Professor Alfred\Documents\#Java\Projectshop\src\projectshop\Customersorder.java
java_class_path (initial): C:\Program Files\NetBeans 8.2\platform\lib\boot.jar;C:\Program Files\NetBeans 8.2\platform\lib\org-openide-modules.jar;C:\Program Files\NetBeans 8.2\platform\lib\org-openide-util-lookup.jar;C:\Program Files\NetBeans 8.2\platform\lib\org-openide-util-ui.jar;C:\Program Files\NetBeans 8.2\platform\lib\org-openide-util.jar;C:\Program Files\NetBeans 8.2\platform\lib\locale\boot_ja.jar;C:\Program Files\NetBeans 8.2\platform\lib\locale\boot_pt_BR.jar;C:\Program Files\NetBeans 8.2\platform\lib\locale\boot_ru.jar;C:\Program Files\NetBeans 8.2\platform\lib\locale\boot_zh_CN.jar;C:\Program Files\NetBeans 8.2\platform\lib\locale\org-openide-modules_ja.jar;C:\Program Files\NetBeans 8.2\platform\lib\locale\org-openide-modules_pt_BR.jar;C:\Program Files\NetBeans 8.2\platform\lib\locale\org-openide-modules_ru.jar;C:\Program Files\NetBeans 8.2\platform\lib\locale\org-openide-modules_zh_CN.jar;C:\Program Files\NetBeans 8.2\platform\lib\locale\org-openide-util-lookup_ja.jar;C:\Program Files\NetBeans 8.2\platform\lib\locale\org-openide-util-lookup_pt_BR.jar;C:\Program Files\NetBeans 8.2\platform\lib\locale\org-openide-util-lookup_ru.jar;C:\Program Files\NetBeans 8.2\platform\lib\locale\org-openide-util-lookup_zh_CN.jar;C:\Program Files\NetBeans 8.2\platform\lib\locale\org-openide-util-ui_ja.jar;C:\Program Files\NetBeans 8.2\platform\lib\locale\org-openide-util-ui_pt_BR.jar;C:\Program Files\NetBeans 8.2\platform\lib\locale\org-openide-util-ui_ru.jar;C:\Program Files\NetBeans 8.2\platform\lib\locale\org-openide-util-ui_zh_CN.jar;C:\Program Files\NetBeans 8.2\platform\lib\locale\org-openide-util_ja.jar;C:\Program Files\NetBeans 8.2\platform\lib\locale\org-openide-util_pt_BR.jar;C:\Program Files\NetBeans 8.2\platform\lib\locale\org-openide-util_ru.jar;C:\Program Files\NetBeans 8.2\platform\lib\locale\org-openide-util_zh_CN.jar;C:\Program Files\Java\jdk1.8.0_111\lib\dt.jar;C:\Program Files\Java\jdk1.8.0_111\lib\tools.jar
Launcher Type: SUN_STANDARD

Environment Variables:
PATH=C:\ProgramData\Oracle\Java\javapath;C:\WINDOWS\system32;C:\WINDOWS;C:\WINDOWS\System32\Wbem;C:\WINDOWS\System32\WindowsPowerShell\v1.0\;C:\WINDOWS\System32\OpenSSH\;C:\Users\Professor Alfred\AppData\Local\Microsoft\WindowsApps;
USERNAME=Professor Alfred
OS=Windows_NT
PROCESSOR_IDENTIFIER=Intel64 Family 6 Model 94 Stepping 3, GenuineIntel



---------------  S Y S T E M  ---------------

OS: Windows 10.0 , 64 bit Build 19041 (10.0.19041.546)

CPU:total 4 (2 cores per cpu, 2 threads per core) family 6 model 94 stepping 3, cmov, cx8, fxsr, mmx, sse, sse2, sse3, ssse3, sse4.1, sse4.2, popcnt, avx, avx2, aes, clmul, erms, 3dnowpref, lzcnt, ht, tsc, tscinvbit, bmi1, bmi2, adx

Memory: 4k page, physical 8287000k(4442644k free), swap 13757684k(8666112k free)

vm_info: Java HotSpot(TM) 64-Bit Server VM (25.111-b14) for windows-amd64 JRE (1.8.0_111-b14), built on Sep 22 2016 19:24:05 by "java_re" with MS VC++ 10.0 (VS2010)

time: Wed Nov 25 20:59:43 2020
elapsed time: 441 seconds (0d 0h 7m 21s)

